commit 55c568bee48b55a271fb3bf9d580e956e81926c0
Author: Chad Custodio <aitan791@cs.utexas.edu>
Date:   Thu Aug 7 17:51:30 2014 -0500

    Ran Doxygen and cleaned code

commit 8ce5654517d4b34602970d8cb64ef79dbd9ee833
Author: Chad Custodio <aitan791@cs.utexas.edu>
Date:   Thu Aug 7 17:32:00 2014 -0500

    Fixed special case

commit 20ecaa4009906ce5baa95514fc65cf841979cb78
Author: Chad Custodio <aitan791@cs.utexas.edu>
Date:   Thu Aug 7 17:21:56 2014 -0500

    Finished documentation and Tests

commit a0b31758e161ddc2a984d7530597fa8217ea7559
Author: Chad Custodio <aitan791@cs.utexas.edu>
Date:   Thu Aug 7 12:43:57 2014 -0500

    Code works on another students tests

commit 9cb2f7220256b393fc5d7f506b6b889669604998
:
commit 55c568bee48b55a271fb3bf9d580e956e81926c0
Author: Chad Custodio <aitan791@cs.utexas.edu>
Date:   Thu Aug 7 17:51:30 2014 -0500

    Ran Doxygen and cleaned code

commit 8ce5654517d4b34602970d8cb64ef79dbd9ee833
Author: Chad Custodio <aitan791@cs.utexas.edu>
Date:   Thu Aug 7 17:32:00 2014 -0500

    Fixed special case

commit 20ecaa4009906ce5baa95514fc65cf841979cb78
Author: Chad Custodio <aitan791@cs.utexas.edu>
Date:   Thu Aug 7 17:21:56 2014 -0500

    Finished documentation and Tests

commit a0b31758e161ddc2a984d7530597fa8217ea7559
Author: Chad Custodio <aitan791@cs.utexas.edu>
Date:   Thu Aug 7 12:43:57 2014 -0500

    Code works on another students tests

commit 9cb2f7220256b393fc5d7f506b6b889669604998
Author: Chad Custodio <aitan791@cs.utexas.edu>
:
commit 55c568bee48b55a271fb3bf9d580e956e81926c0
Author: Chad Custodio <aitan791@cs.utexas.edu>
Date:   Thu Aug 7 17:51:30 2014 -0500

    Ran Doxygen and cleaned code

commit 8ce5654517d4b34602970d8cb64ef79dbd9ee833
Author: Chad Custodio <aitan791@cs.utexas.edu>
Date:   Thu Aug 7 17:32:00 2014 -0500

    Fixed special case

commit 20ecaa4009906ce5baa95514fc65cf841979cb78
Author: Chad Custodio <aitan791@cs.utexas.edu>
Date:   Thu Aug 7 17:21:56 2014 -0500

    Finished documentation and Tests

commit a0b31758e161ddc2a984d7530597fa8217ea7559
Author: Chad Custodio <aitan791@cs.utexas.edu>
Date:   Thu Aug 7 12:43:57 2014 -0500

    Code works on another students tests

commit 9cb2f7220256b393fc5d7f506b6b889669604998
Author: Chad Custodio <aitan791@cs.utexas.edu>
Date:   Tue Aug 5 00:40:51 2014 -0500

    Pass a classmates tests

commit ffbc86c6437679c3425a21e8d3b9a9059ad5592d
Author: Chad Custodio <aitan791@cs.utexas.edu>
Date:   Mon Aug 4 23:19:17 2014 -0500

    Figure out why edge isn't returning correct value

commit 8e61391132927a018b0707327edcd7d7bf3ea934
:
commit 55c568bee48b55a271fb3bf9d580e956e81926c0
Author: Chad Custodio <aitan791@cs.utexas.edu>
Date:   Thu Aug 7 17:51:30 2014 -0500

    Ran Doxygen and cleaned code

commit 8ce5654517d4b34602970d8cb64ef79dbd9ee833
Author: Chad Custodio <aitan791@cs.utexas.edu>
Date:   Thu Aug 7 17:32:00 2014 -0500

    Fixed special case

commit 20ecaa4009906ce5baa95514fc65cf841979cb78
Author: Chad Custodio <aitan791@cs.utexas.edu>
Date:   Thu Aug 7 17:21:56 2014 -0500

    Finished documentation and Tests

commit a0b31758e161ddc2a984d7530597fa8217ea7559
Author: Chad Custodio <aitan791@cs.utexas.edu>
Date:   Thu Aug 7 12:43:57 2014 -0500

    Code works on another students tests

commit 9cb2f7220256b393fc5d7f506b6b889669604998
Author: Chad Custodio <aitan791@cs.utexas.edu>
Date:   Tue Aug 5 00:40:51 2014 -0500

    Pass a classmates tests

commit ffbc86c6437679c3425a21e8d3b9a9059ad5592d
Author: Chad Custodio <aitan791@cs.utexas.edu>
Date:   Mon Aug 4 23:19:17 2014 -0500

    Figure out why edge isn't returning correct value

commit 8e61391132927a018b0707327edcd7d7bf3ea934
Author: Chad Custodio <chadcus@gmail.com>
:
commit 55c568bee48b55a271fb3bf9d580e956e81926c0
Author: Chad Custodio <aitan791@cs.utexas.edu>
Date:   Thu Aug 7 17:51:30 2014 -0500

    Ran Doxygen and cleaned code

commit 8ce5654517d4b34602970d8cb64ef79dbd9ee833
Author: Chad Custodio <aitan791@cs.utexas.edu>
Date:   Thu Aug 7 17:32:00 2014 -0500

    Fixed special case

commit 20ecaa4009906ce5baa95514fc65cf841979cb78
Author: Chad Custodio <aitan791@cs.utexas.edu>
Date:   Thu Aug 7 17:21:56 2014 -0500

    Finished documentation and Tests

commit a0b31758e161ddc2a984d7530597fa8217ea7559
Author: Chad Custodio <aitan791@cs.utexas.edu>
Date:   Thu Aug 7 12:43:57 2014 -0500

    Code works on another students tests

commit 9cb2f7220256b393fc5d7f506b6b889669604998
Author: Chad Custodio <aitan791@cs.utexas.edu>
Date:   Tue Aug 5 00:40:51 2014 -0500

    Pass a classmates tests

commit ffbc86c6437679c3425a21e8d3b9a9059ad5592d
Author: Chad Custodio <aitan791@cs.utexas.edu>
Date:   Mon Aug 4 23:19:17 2014 -0500

    Figure out why edge isn't returning correct value

commit 8e61391132927a018b0707327edcd7d7bf3ea934
Author: Chad Custodio <chadcus@gmail.com>
Date:   Wed Jul 30 16:26:37 2014 -0500

    First Commit
    
    Closes #4

